This is pdfTeX, Version 3.141592653-2.6-1.40.22 (TeX Live 2022/dev/Debian) (preloaded format=pdflatex 2023.7.19)  25 JUL 2023 22:40
entering extended mode
 restricted \write18 enabled.
 %&-line parsing enabled.
**moogle.tex
(./moogle.tex
LaTeX2e <2021-11-15> patch level 1
L3 programming layer <2022-01-21>
(/usr/share/texlive/texmf-dist/tex/latex/base/article.cls
Document Class: article 2021/10/04 v1.4n Standard LaTeX document class
(/usr/share/texlive/texmf-dist/tex/latex/base/size12.clo
File: size12.clo 2021/10/04 v1.4n Standard LaTeX file (size option)
)
\c@part=\count185
\c@section=\count186
\c@subsection=\count187
\c@subsubsection=\count188
\c@paragraph=\count189
\c@subparagraph=\count190
\c@figure=\count191
\c@table=\count192
\abovecaptionskip=\skip47
\belowcaptionskip=\skip48
\bibindent=\dimen138
)
(/usr/share/texlive/texmf-dist/tex/latex/graphics/graphicx.sty
Package: graphicx 2021/09/16 v1.2d Enhanced LaTeX Graphics (DPC,SPQR)

(/usr/share/texlive/texmf-dist/tex/latex/graphics/keyval.sty
Package: keyval 2014/10/28 v1.15 key=value parser (DPC)
\KV@toks@=\toks16
)
(/usr/share/texlive/texmf-dist/tex/latex/graphics/graphics.sty
Package: graphics 2021/03/04 v1.4d Standard LaTeX Graphics (DPC,SPQR)

(/usr/share/texlive/texmf-dist/tex/latex/graphics/trig.sty
Package: trig 2021/08/11 v1.11 sin cos tan (DPC)
)
(/usr/share/texlive/texmf-dist/tex/latex/graphics-cfg/graphics.cfg
File: graphics.cfg 2016/06/04 v1.11 sample graphics configuration
)
Package graphics Info: Driver file: pdftex.def on input line 107.

(/usr/share/texlive/texmf-dist/tex/latex/graphics-def/pdftex.def
File: pdftex.def 2020/10/05 v1.2a Graphics/color driver for pdftex
))
\Gin@req@height=\dimen139
\Gin@req@width=\dimen140
)
(/usr/share/texlive/texmf-dist/tex/latex/l3backend/l3backend-pdftex.def
File: l3backend-pdftex.def 2022-01-12 L3 backend support: PDF output (pdfTeX)
\l__color_backend_stack_int=\count193
\l__pdf_internal_box=\box50
)
(./moogle.aux)
\openout1 = `moogle.aux'.

LaTeX Font Info:    Checking defaults for OML/cmm/m/it on input line 4.
LaTeX Font Info:    ... okay on input line 4.
LaTeX Font Info:    Checking defaults for OMS/cmsy/m/n on input line 4.
LaTeX Font Info:    ... okay on input line 4.
LaTeX Font Info:    Checking defaults for OT1/cmr/m/n on input line 4.
LaTeX Font Info:    ... okay on input line 4.
LaTeX Font Info:    Checking defaults for T1/cmr/m/n on input line 4.
LaTeX Font Info:    ... okay on input line 4.
LaTeX Font Info:    Checking defaults for TS1/cmr/m/n on input line 4.
LaTeX Font Info:    ... okay on input line 4.
LaTeX Font Info:    Checking defaults for OMX/cmex/m/n on input line 4.
LaTeX Font Info:    ... okay on input line 4.
LaTeX Font Info:    Checking defaults for U/cmr/m/n on input line 4.
LaTeX Font Info:    ... okay on input line 4.

(/usr/share/texlive/texmf-dist/tex/context/base/mkii/supp-pdf.mkii
[Loading MPS to PDF converter (version 2006.09.02).]
\scratchcounter=\count194
\scratchdimen=\dimen141
\scratchbox=\box51
\nofMPsegments=\count195
\nofMParguments=\count196
\everyMPshowfont=\toks17
\MPscratchCnt=\count197
\MPscratchDim=\dimen142
\MPnumerator=\count198
\makeMPintoPDFobject=\count199
\everyMPtoPDFconversion=\toks18
) (/usr/share/texlive/texmf-dist/tex/latex/epstopdf-pkg/epstopdf-base.sty
Package: epstopdf-base 2020-01-24 v2.11 Base part for package epstopdf
Package epstopdf-base Info: Redefining graphics rule for `.eps' on input line 4
85.

(/usr/share/texlive/texmf-dist/tex/latex/latexconfig/epstopdf-sys.cfg
File: epstopdf-sys.cfg 2010/07/13 v1.3 Configuration of (r)epstopdf for TeX Liv
e
))
LaTeX Font Info:    External font `cmex10' loaded for size
(Font)              <14.4> on input line 9.
LaTeX Font Info:    External font `cmex10' loaded for size
(Font)              <7> on input line 9.
<foto.png, id=1, 540.0175pt x 257.96375pt>
File: foto.png Graphic file (type png)
<use foto.png>
Package pdftex.def Info: foto.png  used on input line 19.
(pdftex.def)             Requested size: 390.0pt x 186.30449pt.

[1

{/var/lib/texmf/fonts/map/pdftex/updmap/pdftex.map} <./foto.png>] [2]
Underfull \hbox (badness 10000) in paragraph at lines 36--40

 []

<titleAndContent.png, id=15, 1042.89626pt x 81.30376pt>
File: titleAndContent.png Graphic file (type png)
<use titleAndContent.png>
Package pdftex.def Info: titleAndContent.png  used on input line 42.
(pdftex.def)             Requested size: 350.99762pt x 27.36377pt.

Underfull \hbox (badness 10000) in paragraph at lines 48--53

 []

LaTeX Font Info:    External font `cmex10' loaded for size
(Font)              <12> on input line 54.
LaTeX Font Info:    External font `cmex10' loaded for size
(Font)              <8> on input line 54.
LaTeX Font Info:    External font `cmex10' loaded for size
(Font)              <6> on input line 54.
<TF.png, id=16, 1150.2975pt x 71.26625pt>
File: TF.png Graphic file (type png)
<use TF.png>
Package pdftex.def Info: TF.png  used on input line 71.
(pdftex.def)             Requested size: 350.99762pt x 21.7454pt.

Underfull \hbox (badness 10000) in paragraph at lines 68--72

 []

[3 <./titleAndContent.png> <./TF.png>] [4]
<tfIdf.png, id=33, 1205.50375pt x 117.43875pt>
File: tfIdf.png Graphic file (type png)
<use tfIdf.png>
Package pdftex.def Info: tfIdf.png  used on input line 131.
(pdftex.def)             Requested size: 390.0pt x 37.9933pt.
<queryTFIDF.png, id=34, 1120.185pt x 78.2925pt>
File: queryTFIDF.png Graphic file (type png)
<use queryTFIDF.png>
Package pdftex.def Info: queryTFIDF.png  used on input line 139.
(pdftex.def)             Requested size: 390.0pt x 27.25822pt.

Underfull \hbox (badness 10000) in paragraph at lines 136--140

 []


Underfull \hbox (badness 10000) in paragraph at lines 142--151

 []

[5 <./tfIdf.png> <./queryTFIDF.png>] [6]
<ejemplo.png, id=43, 949.5475pt x 563.10374pt>
File: ejemplo.png Graphic file (type png)
<use ejemplo.png>
Package pdftex.def Info: ejemplo.png  used on input line 173.
(pdftex.def)             Requested size: 467.99881pt x 277.53pt.

Overfull \hbox (77.99881pt too wide) in paragraph at lines 173--174
[][] 
 []

[7 <./ejemplo.png>] (./moogle.aux) ) 
Here is how much of TeX's memory you used:
 1331 strings out of 480204
 21494 string characters out of 5895010
 309906 words of memory out of 5000000
 19310 multiletter control sequences out of 15000+600000
 475410 words of font info for 48 fonts, out of 8000000 for 9000
 36 hyphenation exceptions out of 8191
 55i,7n,62p,183b,275s stack positions out of 5000i,500n,10000p,200000b,80000s
 </home/amalia/.texlive2021/texmf-var/fonts
/pk/ljfour/jknappen/ec/tcrm1095.600pk> </home/amalia/.texlive2021/texmf-var/fon
ts/pk/ljfour/jknappen/ec/tcrm1440.600pk></usr/share/texlive/texmf-dist/fonts/ty
pe1/public/amsfonts/cm/cmbx10.pfb></usr/share/texlive/texmf-dist/fonts/type1/pu
blic/amsfonts/cm/cmbx12.pfb></usr/share/texlive/texmf-dist/fonts/type1/public/a
msfonts/cm/cmmi10.pfb></usr/share/texlive/texmf-dist/fonts/type1/public/amsfont
s/cm/cmmi12.pfb></usr/share/texlive/texmf-dist/fonts/type1/public/amsfonts/cm/c
mmi8.pfb></usr/share/texlive/texmf-dist/fonts/type1/public/amsfonts/cm/cmr10.pf
b></usr/share/texlive/texmf-dist/fonts/type1/public/amsfonts/cm/cmr12.pfb></usr
/share/texlive/texmf-dist/fonts/type1/public/amsfonts/cm/cmr17.pfb></usr/share/
texlive/texmf-dist/fonts/type1/public/amsfonts/cm/cmsy10.pfb>
Output written on moogle.pdf (7 pages, 273082 bytes).
PDF statistics:
 96 PDF objects out of 1000 (max. 8388607)
 54 compressed objects within 1 object stream
 0 named destinations out of 1000 (max. 500000)
 31 words of extra memory for PDF output out of 10000 (max. 10000000)

